[info] Log at : 2025/3/6|00:36:40|GMT+0700

[info] Log at : 2025/3/6|00:36:46|GMT+0700

[info] Log at : 2025/3/6|00:37:52|GMT+0700

[SyntaxError: Unexpected token '/', ..."L_DRIVER",//USE_HAL_"... is not valid JSON
	at JSON.parse (<anonymous>)
	at F.updateCppProperties (c:\Users\hongm\.vscode\extensions\cl.keil-assistant-1.7.0\dist\extension.js:1:10849)
	at F.<anonymous> (c:\Users\hongm\.vscode\extensions\cl.keil-assistant-1.7.0\dist\extension.js:1:12579)
	at Generator.next (<anonymous>)
	at c:\Users\hongm\.vscode\extensions\cl.keil-assistant-1.7.0\dist\extension.js:1:4480
	at new Promise (<anonymous>)
	at r (c:\Users\hongm\.vscode\extensions\cl.keil-assistant-1.7.0\dist\extension.js:1:4225)
	at F.load (c:\Users\hongm\.vscode\extensions\cl.keil-assistant-1.7.0\dist\extension.js:1:11310)
	at w.<anonymous> (c:\Users\hongm\.vscode\extensions\cl.keil-assistant-1.7.0\dist\extension.js:1:8737)
	at Generator.next (<anonymous>)
	at a (c:\Users\hongm\.vscode\extensions\cl.keil-assistant-1.7.0\dist\extension.js:1:4282)
	at process.processTicksAndRejections (node:internal/process/task_queues:95:5)]
[info] Log at : 2025/3/6|01:20:58|GMT+0700

[info] Log at : 2025/3/6|21:30:42|GMT+0700

[info] Log at : 2025/3/7|22:15:11|GMT+0700

[info] Log at : 2025/3/8|00:35:19|GMT+0700

[info] Log at : 2025/3/8|16:50:51|GMT+0700

[info] Log at : 2025/3/9|15:18:23|GMT+0700

[info] Log at : 2025/3/11|15:58:21|GMT+0700

[info] Log at : 2025/3/12|16:37:16|GMT+0700

[info] Log at : 2025/3/13|17:13:15|GMT+0700

[info] Log at : 2025/3/14|15:49:20|GMT+0700

[info] Log at : 2025/3/15|12:36:56|GMT+0700

[info] Log at : 2025/3/15|12:59:34|GMT+0700

[info] Log at : 2025/3/16|15:56:52|GMT+0700

[info] Log at : 2025/3/17|00:27:33|GMT+0700

[info] Log at : 2025/3/17|00:27:40|GMT+0700

[info] Log at : 2025/3/17|00:28:35|GMT+0700

[info] Log at : 2025/3/17|23:35:48|GMT+0700

[info] Log at : 2025/3/22|18:30:31|GMT+0700

[info] Log at : 2025/3/22|18:31:24|GMT+0700

[info] Log at : 2025/3/22|18:33:57|GMT+0700

[info] Log at : 2025/3/22|18:35:59|GMT+0700

[info] Log at : 2025/3/23|16:54:37|GMT+0700

[info] Log at : 2025/3/24|17:05:17|GMT+0700

[info] Log at : 2025/3/24|21:31:20|GMT+0700

[info] Log at : 2025/3/25|22:30:43|GMT+0700

[info] Log at : 2025/3/26|17:06:14|GMT+0700

[info] Log at : 2025/3/27|16:27:52|GMT+0700

[info] Log at : 2025/3/29|16:55:33|GMT+0700

[info] Log at : 2025/3/29|23:08:59|GMT+0700

[info] Log at : 2025/3/30|18:19:07|GMT+0700

[info] Log at : 2025/3/31|23:26:57|GMT+0700

[info] Log at : 2025/4/1|15:21:55|GMT+0700

[info] Log at : 2025/4/1|22:19:52|GMT+0700

[info] Log at : 2025/4/2|17:12:04|GMT+0700

[info] Log at : 2025/4/6|23:58:59|GMT+0700

[info] Log at : 2025/4/7|16:03:40|GMT+0700

[info] Log at : 2025/4/12|15:24:52|GMT+0700

[info] Log at : 2025/4/12|18:50:44|GMT+0700

[info] Log at : 2025/4/14|16:24:34|GMT+0700

[info] Log at : 2025/4/20|18:49:56|GMT+0700

[info] Log at : 2025/4/21|22:50:20|GMT+0700

[info] Log at : 2025/4/21|23:04:11|GMT+0700

[info] Log at : 2025/4/21|23:04:17|GMT+0700

[info] Log at : 2025/4/21|23:04:43|GMT+0700

[info] Log at : 2025/4/21|23:13:54|GMT+0700

[info] Log at : 2025/4/22|00:32:18|GMT+0700

[info] Log at : 2025/4/22|17:44:27|GMT+0700

[info] Log at : 2025/4/23|23:51:54|GMT+0700

[info] Log at : 2025/4/25|23:36:49|GMT+0700

[info] Log at : 2025/4/25|23:56:54|GMT+0700

[info] Log at : 2025/5/9|00:15:04|GMT+0700

[info] Log at : 2025/5/9|00:15:18|GMT+0700

[info] Log at : 2025/5/9|00:15:26|GMT+0700

[info] Log at : 2025/5/9|17:27:07|GMT+0700

